{"/private/tmp/file-converter/frontend/src/App.tsx": {"path":"/private/tmp/file-converter/frontend/src/App.tsx","statementMap":{"0":{"start":{"line":9,"column":2},"end":{"line":19,"column":null}}},"fnMap":{"0":{"name":"App","decl":{"start":{"line":8,"column":9},"end":{"line":8,"column":15}},"loc":{"start":{"line":8,"column":15},"end":{"line":21,"column":null}},"line":8}},"branchMap":{},"s":{"0":0},"f":{"0":0},"b":{},"meta":{"lastBranch":0,"lastFunction":1,"lastStatement":1,"seen":{"f:8:9:8:15":0,"s:9:2:19:Infinity":0}}}
,"/private/tmp/file-converter/frontend/src/components/ConversionSettings.tsx": {"path":"/private/tmp/file-converter/frontend/src/components/ConversionSettings.tsx","statementMap":{"0":{"start":{"line":6,"column":12},"end":{"line":6,"column":null}},"1":{"start":{"line":23,"column":2},"end":{"line":23,"column":null}},"2":{"start":{"line":25,"column":26},"end":{"line":25,"column":null}},"3":{"start":{"line":25,"column":44},"end":{"line":25,"column":66}},"4":{"start":{"line":26,"column":28},"end":{"line":26,"column":null}},"5":{"start":{"line":26,"column":46},"end":{"line":26,"column":65}},"6":{"start":{"line":28,"column":2},"end":{"line":28,"column":null}},"7":{"start":{"line":28,"column":26},"end":{"line":28,"column":null}},"8":{"start":{"line":30,"column":2},"end":{"line":147,"column":null}},"9":{"start":{"line":44,"column":29},"end":{"line":44,"column":null}},"10":{"start":{"line":49,"column":14},"end":{"line":51,"column":null}},"11":{"start":{"line":67,"column":29},"end":{"line":67,"column":null}},"12":{"start":{"line":81,"column":29},"end":{"line":81,"column":null}},"13":{"start":{"line":96,"column":29},"end":{"line":96,"column":null}},"14":{"start":{"line":110,"column":29},"end":{"line":110,"column":null}}},"fnMap":{"0":{"name":"ConversionSettings","decl":{"start":{"line":5,"column":16},"end":{"line":5,"column":37}},"loc":{"start":{"line":5,"column":37},"end":{"line":149,"column":null}},"line":5},"1":{"name":"(anonymous_1)","decl":{"start":{"line":25,"column":37},"end":{"line":25,"column":38}},"loc":{"start":{"line":25,"column":44},"end":{"line":25,"column":66}},"line":25},"2":{"name":"(anonymous_2)","decl":{"start":{"line":26,"column":39},"end":{"line":26,"column":40}},"loc":{"start":{"line":26,"column":46},"end":{"line":26,"column":65}},"line":26},"3":{"name":"(anonymous_3)","decl":{"start":{"line":44,"column":22},"end":{"line":44,"column":23}},"loc":{"start":{"line":44,"column":29},"end":{"line":44,"column":null}},"line":44},"4":{"name":"(anonymous_4)","decl":{"start":{"line":48,"column":45},"end":{"line":48,"column":46}},"loc":{"start":{"line":49,"column":14},"end":{"line":51,"column":null}},"line":49},"5":{"name":"(anonymous_5)","decl":{"start":{"line":67,"column":22},"end":{"line":67,"column":23}},"loc":{"start":{"line":67,"column":29},"end":{"line":67,"column":null}},"line":67},"6":{"name":"(anonymous_6)","decl":{"start":{"line":81,"column":22},"end":{"line":81,"column":23}},"loc":{"start":{"line":81,"column":29},"end":{"line":81,"column":null}},"line":81},"7":{"name":"(anonymous_7)","decl":{"start":{"line":96,"column":22},"end":{"line":96,"column":23}},"loc":{"start":{"line":96,"column":29},"end":{"line":96,"column":null}},"line":96},"8":{"name":"(anonymous_8)","decl":{"start":{"line":110,"column":22},"end":{"line":110,"column":23}},"loc":{"start":{"line":110,"column":29},"end":{"line":110,"column":null}},"line":110}},"branchMap":{"0":{"loc":{"start":{"line":28,"column":2},"end":{"line":28,"column":null}},"type":"if","locations":[{"start":{"line":28,"column":2},"end":{"line":28,"column":null}},{"start":{},"end":{}}],"line":28},"1":{"loc":{"start":{"line":80,"column":19},"end":{"line":80,"column":null}},"type":"binary-expr","locations":[{"start":{"line":80,"column":19},"end":{"line":80,"column":28}},{"start":{"line":80,"column":28},"end":{"line":80,"column":null}}],"line":80},"2":{"loc":{"start":{"line":81,"column":38},"end":{"line":81,"column":91}},"type":"cond-expr","locations":[{"start":{"line":81,"column":55},"end":{"line":81,"column":82}},{"start":{"line":81,"column":82},"end":{"line":81,"column":91}}],"line":81},"3":{"loc":{"start":{"line":95,"column":19},"end":{"line":95,"column":null}},"type":"binary-expr","locations":[{"start":{"line":95,"column":19},"end":{"line":95,"column":29}},{"start":{"line":95,"column":29},"end":{"line":95,"column":null}}],"line":95},"4":{"loc":{"start":{"line":96,"column":39},"end":{"line":96,"column":92}},"type":"cond-expr","locations":[{"start":{"line":96,"column":56},"end":{"line":96,"column":83}},{"start":{"line":96,"column":83},"end":{"line":96,"column":92}}],"line":96},"5":{"loc":{"start":{"line":122,"column":20},"end":{"line":122,"column":null}},"type":"binary-expr","locations":[{"start":{"line":122,"column":20},"end":{"line":122,"column":40}},{"start":{"line":122,"column":40},"end":{"line":122,"column":null}}],"line":122},"6":{"loc":{"start":{"line":126,"column":11},"end":{"line":126,"column":null}},"type":"cond-expr","locations":[{"start":{"line":126,"column":26},"end":{"line":126,"column":53}},{"start":{"line":126,"column":53},"end":{"line":126,"column":null}}],"line":126},"7":{"loc":{"start":{"line":129,"column":9},"end":{"line":136,"column":null}},"type":"binary-expr","locations":[{"start":{"line":129,"column":9},"end":{"line":129,"column":null}},{"start":{"line":130,"column":10},"end":{"line":136,"column":null}}],"line":129}},"s":{"0":16,"1":16,"2":16,"3":8,"4":16,"5":9,"6":16,"7":8,"8":8,"9":1,"10":40,"11":1,"12":0,"13":0,"14":1},"f":{"0":16,"1":8,"2":9,"3":1,"4":40,"5":1,"6":0,"7":0,"8":1},"b":{"0":[8,8],"1":[8,8],"2":[0,0],"3":[16,8],"4":[0,0],"5":[16,8],"6":[0,8],"7":[16,0]},"meta":{"lastBranch":8,"lastFunction":9,"lastStatement":15,"seen":{"f:5:16:5:37":0,"s:6:12:6:Infinity":0,"s:23:2:23:Infinity":1,"s:25:26:25:Infinity":2,"f:25:37:25:38":1,"s:25:44:25:66":3,"s:26:28:26:Infinity":4,"f:26:39:26:40":2,"s:26:46:26:65":5,"b:28:2:28:Infinity:undefined:undefined:undefined:undefined":0,"s:28:2:28:Infinity":6,"s:28:26:28:Infinity":7,"s:30:2:147:Infinity":8,"f:44:22:44:23":3,"s:44:29:44:Infinity":9,"f:48:45:48:46":4,"s:49:14:51:Infinity":10,"f:67:22:67:23":5,"s:67:29:67:Infinity":11,"b:80:19:80:28:80:28:80:Infinity":1,"f:81:22:81:23":6,"s:81:29:81:Infinity":12,"b:81:55:81:82:81:82:81:91":2,"b:95:19:95:29:95:29:95:Infinity":3,"f:96:22:96:23":7,"s:96:29:96:Infinity":13,"b:96:56:96:83:96:83:96:92":4,"f:110:22:110:23":8,"s:110:29:110:Infinity":14,"b:122:20:122:40:122:40:122:Infinity":5,"b:126:26:126:53:126:53:126:Infinity":6,"b:129:9:129:Infinity:130:10:136:Infinity":7}}}
,"/private/tmp/file-converter/frontend/src/components/DropZone.tsx": {"path":"/private/tmp/file-converter/frontend/src/components/DropZone.tsx","statementMap":{"0":{"start":{"line":9,"column":12},"end":{"line":9,"column":null}},"1":{"start":{"line":10,"column":8},"end":{"line":10,"column":null}},"2":{"start":{"line":10,"column":48},"end":{"line":10,"column":62}},"3":{"start":{"line":12,"column":8},"end":{"line":17,"column":null}},"4":{"start":{"line":14,"column":6},"end":{"line":14,"column":null}},"5":{"start":{"line":19,"column":52},"end":{"line":25,"column":null}},"6":{"start":{"line":27,"column":2},"end":{"line":78,"column":null}},"7":{"start":{"line":69,"column":12},"end":{"line":74,"column":null}}},"fnMap":{"0":{"name":"DropZone","decl":{"start":{"line":8,"column":16},"end":{"line":8,"column":27}},"loc":{"start":{"line":8,"column":27},"end":{"line":80,"column":null}},"line":8},"1":{"name":"(anonymous_1)","decl":{"start":{"line":10,"column":37},"end":{"line":10,"column":38}},"loc":{"start":{"line":10,"column":48},"end":{"line":10,"column":62}},"line":10},"2":{"name":"(anonymous_2)","decl":{"start":{"line":13,"column":4},"end":{"line":13,"column":5}},"loc":{"start":{"line":13,"column":31},"end":{"line":15,"column":null}},"line":13},"3":{"name":"(anonymous_3)","decl":{"start":{"line":68,"column":52},"end":{"line":68,"column":53}},"loc":{"start":{"line":69,"column":12},"end":{"line":74,"column":null}},"line":69}},"branchMap":{"0":{"loc":{"start":{"line":34,"column":10},"end":{"line":36,"column":null}},"type":"cond-expr","locations":[{"start":{"line":35,"column":14},"end":{"line":35,"column":null}},{"start":{"line":36,"column":14},"end":{"line":36,"column":null}}],"line":34},"1":{"loc":{"start":{"line":47,"column":14},"end":{"line":47,"column":113}},"type":"cond-expr","locations":[{"start":{"line":47,"column":29},"end":{"line":47,"column":54}},{"start":{"line":47,"column":54},"end":{"line":47,"column":113}}],"line":47},"2":{"loc":{"start":{"line":50,"column":11},"end":{"line":53,"column":null}},"type":"cond-expr","locations":[{"start":{"line":51,"column":12},"end":{"line":51,"column":null}},{"start":{"line":53,"column":12},"end":{"line":53,"column":null}}],"line":50},"3":{"loc":{"start":{"line":59,"column":13},"end":{"line":59,"column":null}},"type":"cond-expr","locations":[{"start":{"line":59,"column":28},"end":{"line":59,"column":53}},{"start":{"line":59,"column":53},"end":{"line":59,"column":null}}],"line":59}},"s":{"0":9,"1":9,"2":27,"3":9,"4":0,"5":9,"6":9,"7":45},"f":{"0":9,"1":27,"2":0,"3":45},"b":{"0":[0,9],"1":[0,9],"2":[0,9],"3":[0,9]},"meta":{"lastBranch":4,"lastFunction":4,"lastStatement":8,"seen":{"f:8:16:8:27":0,"s:9:12:9:Infinity":0,"s:10:8:10:Infinity":1,"f:10:37:10:38":1,"s:10:48:10:62":2,"s:12:8:17:Infinity":3,"f:13:4:13:5":2,"s:14:6:14:Infinity":4,"s:19:52:25:Infinity":5,"s:27:2:78:Infinity":6,"b:35:14:35:Infinity:36:14:36:Infinity":0,"b:47:29:47:54:47:54:47:113":1,"b:51:12:51:Infinity:53:12:53:Infinity":2,"b:59:28:59:53:59:53:59:Infinity":3,"f:68:52:68:53":3,"s:69:12:74:Infinity":7}}}
,"/private/tmp/file-converter/frontend/src/components/FileList.tsx": {"path":"/private/tmp/file-converter/frontend/src/components/FileList.tsx","statementMap":{"0":{"start":{"line":7,"column":12},"end":{"line":7,"column":null}},"1":{"start":{"line":8,"column":44},"end":{"line":8,"column":null}},"2":{"start":{"line":10,"column":2},"end":{"line":10,"column":null}},"3":{"start":{"line":10,"column":26},"end":{"line":10,"column":null}},"4":{"start":{"line":12,"column":2},"end":{"line":97,"column":null}},"5":{"start":{"line":20,"column":10},"end":{"line":94,"column":null}},"6":{"start":{"line":77,"column":33},"end":{"line":77,"column":null}},"7":{"start":{"line":86,"column":31},"end":{"line":86,"column":null}}},"fnMap":{"0":{"name":"FileList","decl":{"start":{"line":6,"column":16},"end":{"line":6,"column":27}},"loc":{"start":{"line":6,"column":27},"end":{"line":99,"column":null}},"line":6},"1":{"name":"(anonymous_1)","decl":{"start":{"line":19,"column":19},"end":{"line":19,"column":20}},"loc":{"start":{"line":20,"column":10},"end":{"line":94,"column":null}},"line":20},"2":{"name":"(anonymous_2)","decl":{"start":{"line":77,"column":27},"end":{"line":77,"column":33}},"loc":{"start":{"line":77,"column":33},"end":{"line":77,"column":null}},"line":77},"3":{"name":"(anonymous_3)","decl":{"start":{"line":86,"column":25},"end":{"line":86,"column":31}},"loc":{"start":{"line":86,"column":31},"end":{"line":86,"column":null}},"line":86}},"branchMap":{"0":{"loc":{"start":{"line":10,"column":2},"end":{"line":10,"column":null}},"type":"if","locations":[{"start":{"line":10,"column":2},"end":{"line":10,"column":null}},{"start":{},"end":{}}],"line":10},"1":{"loc":{"start":{"line":41,"column":17},"end":{"line":50,"column":null}},"type":"binary-expr","locations":[{"start":{"line":41,"column":17},"end":{"line":41,"column":null}},{"start":{"line":42,"column":18},"end":{"line":50,"column":null}}],"line":41},"2":{"loc":{"start":{"line":57,"column":15},"end":{"line":60,"column":null}},"type":"binary-expr","locations":[{"start":{"line":57,"column":15},"end":{"line":57,"column":null}},{"start":{"line":58,"column":16},"end":{"line":60,"column":null}}],"line":57},"3":{"loc":{"start":{"line":62,"column":15},"end":{"line":63,"column":null}},"type":"binary-expr","locations":[{"start":{"line":62,"column":15},"end":{"line":62,"column":null}},{"start":{"line":63,"column":16},"end":{"line":63,"column":null}}],"line":62},"4":{"loc":{"start":{"line":65,"column":15},"end":{"line":66,"column":null}},"type":"binary-expr","locations":[{"start":{"line":65,"column":15},"end":{"line":65,"column":null}},{"start":{"line":66,"column":16},"end":{"line":66,"column":null}}],"line":65},"5":{"loc":{"start":{"line":68,"column":15},"end":{"line":69,"column":null}},"type":"binary-expr","locations":[{"start":{"line":68,"column":15},"end":{"line":68,"column":null}},{"start":{"line":69,"column":16},"end":{"line":69,"column":null}}],"line":68},"6":{"loc":{"start":{"line":75,"column":15},"end":{"line":83,"column":null}},"type":"binary-expr","locations":[{"start":{"line":75,"column":15},"end":{"line":75,"column":45}},{"start":{"line":75,"column":45},"end":{"line":75,"column":null}},{"start":{"line":76,"column":16},"end":{"line":83,"column":null}}],"line":75}},"s":{"0":10,"1":10,"2":10,"3":7,"4":3,"5":4,"6":0,"7":0},"f":{"0":10,"1":4,"2":0,"3":0},"b":{"0":[7,3],"1":[4,0],"2":[4,4],"3":[4,0],"4":[4,0],"5":[4,0],"6":[4,0,0]},"meta":{"lastBranch":7,"lastFunction":4,"lastStatement":8,"seen":{"f:6:16:6:27":0,"s:7:12:7:Infinity":0,"s:8:44:8:Infinity":1,"b:10:2:10:Infinity:undefined:undefined:undefined:undefined":0,"s:10:2:10:Infinity":2,"s:10:26:10:Infinity":3,"s:12:2:97:Infinity":4,"f:19:19:19:20":1,"s:20:10:94:Infinity":5,"b:41:17:41:Infinity:42:18:50:Infinity":1,"b:57:15:57:Infinity:58:16:60:Infinity":2,"b:62:15:62:Infinity:63:16:63:Infinity":3,"b:65:15:65:Infinity:66:16:66:Infinity":4,"b:68:15:68:Infinity:69:16:69:Infinity":5,"b:75:15:75:45:75:45:75:Infinity:76:16:83:Infinity":6,"f:77:27:77:33":2,"s:77:33:77:Infinity":6,"f:86:25:86:31":3,"s:86:31:86:Infinity":7}}}
,"/private/tmp/file-converter/frontend/src/components/Footer.tsx": {"path":"/private/tmp/file-converter/frontend/src/components/Footer.tsx","statementMap":{"0":{"start":{"line":5,"column":12},"end":{"line":5,"column":null}},"1":{"start":{"line":7,"column":2},"end":{"line":56,"column":null}}},"fnMap":{"0":{"name":"Footer","decl":{"start":{"line":4,"column":16},"end":{"line":4,"column":25}},"loc":{"start":{"line":4,"column":25},"end":{"line":58,"column":null}},"line":4}},"branchMap":{},"s":{"0":3,"1":3},"f":{"0":3},"b":{},"meta":{"lastBranch":0,"lastFunction":1,"lastStatement":2,"seen":{"f:4:16:4:25":0,"s:5:12:5:Infinity":0,"s:7:2:56:Infinity":1}}}
,"/private/tmp/file-converter/frontend/src/components/Header.tsx": {"path":"/private/tmp/file-converter/frontend/src/components/Header.tsx","statementMap":{"0":{"start":{"line":7,"column":12},"end":{"line":7,"column":null}},"1":{"start":{"line":9,"column":2},"end":{"line":46,"column":null}}},"fnMap":{"0":{"name":"Header","decl":{"start":{"line":6,"column":16},"end":{"line":6,"column":25}},"loc":{"start":{"line":6,"column":25},"end":{"line":48,"column":null}},"line":6}},"branchMap":{},"s":{"0":2,"1":2},"f":{"0":2},"b":{},"meta":{"lastBranch":0,"lastFunction":1,"lastStatement":2,"seen":{"f:6:16:6:25":0,"s:7:12:7:Infinity":0,"s:9:2:46:Infinity":1}}}
,"/private/tmp/file-converter/frontend/src/components/LanguageSwitcher.tsx": {"path":"/private/tmp/file-converter/frontend/src/components/LanguageSwitcher.tsx","statementMap":{"0":{"start":{"line":5,"column":18},"end":{"line":13,"column":null}},"1":{"start":{"line":16,"column":15},"end":{"line":16,"column":null}},"2":{"start":{"line":17,"column":26},"end":{"line":17,"column":null}},"3":{"start":{"line":18,"column":8},"end":{"line":18,"column":null}},"4":{"start":{"line":20,"column":22},"end":{"line":20,"column":null}},"5":{"start":{"line":20,"column":44},"end":{"line":20,"column":68}},"6":{"start":{"line":22,"column":2},"end":{"line":30,"column":null}},"7":{"start":{"line":24,"column":6},"end":{"line":26,"column":null}},"8":{"start":{"line":25,"column":8},"end":{"line":25,"column":null}},"9":{"start":{"line":28,"column":4},"end":{"line":28,"column":null}},"10":{"start":{"line":29,"column":4},"end":{"line":29,"column":null}},"11":{"start":{"line":29,"column":17},"end":{"line":29,"column":null}},"12":{"start":{"line":32,"column":31},"end":{"line":35,"column":null}},"13":{"start":{"line":33,"column":4},"end":{"line":33,"column":null}},"14":{"start":{"line":34,"column":4},"end":{"line":34,"column":null}},"15":{"start":{"line":37,"column":2},"end":{"line":66,"column":null}},"16":{"start":{"line":40,"column":23},"end":{"line":40,"column":null}},"17":{"start":{"line":52,"column":12},"end":{"line":62,"column":null}},"18":{"start":{"line":54,"column":29},"end":{"line":54,"column":null}}},"fnMap":{"0":{"name":"LanguageSwitcher","decl":{"start":{"line":15,"column":16},"end":{"line":15,"column":35}},"loc":{"start":{"line":15,"column":35},"end":{"line":68,"column":null}},"line":15},"1":{"name":"(anonymous_1)","decl":{"start":{"line":20,"column":37},"end":{"line":20,"column":38}},"loc":{"start":{"line":20,"column":44},"end":{"line":20,"column":68}},"line":20},"2":{"name":"(anonymous_2)","decl":{"start":{"line":22,"column":12},"end":{"line":22,"column":18}},"loc":{"start":{"line":22,"column":18},"end":{"line":30,"column":5}},"line":22},"3":{"name":"handleClickOutside","decl":{"start":{"line":23,"column":13},"end":{"line":23,"column":32}},"loc":{"start":{"line":23,"column":51},"end":{"line":27,"column":null}},"line":23},"4":{"name":"(anonymous_4)","decl":{"start":{"line":29,"column":11},"end":{"line":29,"column":17}},"loc":{"start":{"line":29,"column":17},"end":{"line":29,"column":null}},"line":29},"5":{"name":"(anonymous_5)","decl":{"start":{"line":32,"column":31},"end":{"line":32,"column":32}},"loc":{"start":{"line":32,"column":49},"end":{"line":35,"column":null}},"line":32},"6":{"name":"(anonymous_6)","decl":{"start":{"line":40,"column":17},"end":{"line":40,"column":23}},"loc":{"start":{"line":40,"column":23},"end":{"line":40,"column":null}},"line":40},"7":{"name":"(anonymous_7)","decl":{"start":{"line":51,"column":25},"end":{"line":51,"column":26}},"loc":{"start":{"line":52,"column":12},"end":{"line":62,"column":null}},"line":52},"8":{"name":"(anonymous_8)","decl":{"start":{"line":54,"column":23},"end":{"line":54,"column":29}},"loc":{"start":{"line":54,"column":29},"end":{"line":54,"column":null}},"line":54}},"branchMap":{"0":{"loc":{"start":{"line":20,"column":22},"end":{"line":20,"column":null}},"type":"binary-expr","locations":[{"start":{"line":20,"column":22},"end":{"line":20,"column":73}},{"start":{"line":20,"column":73},"end":{"line":20,"column":null}}],"line":20},"1":{"loc":{"start":{"line":24,"column":6},"end":{"line":26,"column":null}},"type":"if","locations":[{"start":{"line":24,"column":6},"end":{"line":26,"column":null}},{"start":{},"end":{}}],"line":24},"2":{"loc":{"start":{"line":24,"column":10},"end":{"line":24,"column":86}},"type":"binary-expr","locations":[{"start":{"line":24,"column":10},"end":{"line":24,"column":33}},{"start":{"line":24,"column":33},"end":{"line":24,"column":86}}],"line":24},"3":{"loc":{"start":{"line":46,"column":86},"end":{"line":46,"column":112}},"type":"cond-expr","locations":[{"start":{"line":46,"column":95},"end":{"line":46,"column":110}},{"start":{"line":46,"column":110},"end":{"line":46,"column":112}}],"line":46},"4":{"loc":{"start":{"line":49,"column":7},"end":{"line":64,"column":null}},"type":"binary-expr","locations":[{"start":{"line":49,"column":7},"end":{"line":49,"column":null}},{"start":{"line":50,"column":8},"end":{"line":64,"column":null}}],"line":49},"5":{"loc":{"start":{"line":56,"column":16},"end":{"line":56,"column":null}},"type":"cond-expr","locations":[{"start":{"line":56,"column":46},"end":{"line":56,"column":97}},{"start":{"line":56,"column":97},"end":{"line":56,"column":null}}],"line":56}},"s":{"0":1,"1":7,"2":7,"3":7,"4":7,"5":7,"6":7,"7":0,"8":0,"9":5,"10":5,"11":5,"12":7,"13":0,"14":0,"15":7,"16":2,"17":14,"18":0},"f":{"0":7,"1":7,"2":5,"3":0,"4":5,"5":0,"6":2,"7":14,"8":0},"b":{"0":[7,0],"1":[0,0],"2":[0,0],"3":[2,5],"4":[7,2],"5":[2,12]},"meta":{"lastBranch":6,"lastFunction":9,"lastStatement":19,"seen":{"s:5:18:13:Infinity":0,"f:15:16:15:35":0,"s:16:15:16:Infinity":1,"s:17:26:17:Infinity":2,"s:18:8:18:Infinity":3,"s:20:22:20:Infinity":4,"b:20:22:20:73:20:73:20:Infinity":0,"f:20:37:20:38":1,"s:20:44:20:68":5,"s:22:2:30:Infinity":6,"f:22:12:22:18":2,"f:23:13:23:32":3,"b:24:6:26:Infinity:undefined:undefined:undefined:undefined":1,"s:24:6:26:Infinity":7,"b:24:10:24:33:24:33:24:86":2,"s:25:8:25:Infinity":8,"s:28:4:28:Infinity":9,"s:29:4:29:Infinity":10,"f:29:11:29:17":4,"s:29:17:29:Infinity":11,"s:32:31:35:Infinity":12,"f:32:31:32:32":5,"s:33:4:33:Infinity":13,"s:34:4:34:Infinity":14,"s:37:2:66:Infinity":15,"f:40:17:40:23":6,"s:40:23:40:Infinity":16,"b:46:95:46:110:46:110:46:112":3,"b:49:7:49:Infinity:50:8:64:Infinity":4,"f:51:25:51:26":7,"s:52:12:62:Infinity":17,"f:54:23:54:29":8,"s:54:29:54:Infinity":18,"b:56:46:56:97:56:97:56:Infinity":5}}}
,"/private/tmp/file-converter/frontend/src/lib/converter.ts": {"path":"/private/tmp/file-converter/frontend/src/lib/converter.ts","statementMap":{"0":{"start":{"line":25,"column":48},"end":{"line":33,"column":null}},"1":{"start":{"line":39,"column":2},"end":{"line":54,"column":null}},"2":{"start":{"line":40,"column":16},"end":{"line":40,"column":null}},"3":{"start":{"line":41,"column":16},"end":{"line":41,"column":null}},"4":{"start":{"line":43,"column":4},"end":{"line":46,"column":null}},"5":{"start":{"line":44,"column":6},"end":{"line":44,"column":null}},"6":{"start":{"line":45,"column":6},"end":{"line":45,"column":null}},"7":{"start":{"line":48,"column":4},"end":{"line":51,"column":null}},"8":{"start":{"line":49,"column":6},"end":{"line":49,"column":null}},"9":{"start":{"line":50,"column":6},"end":{"line":50,"column":null}},"10":{"start":{"line":53,"column":4},"end":{"line":53,"column":null}},"11":{"start":{"line":67,"column":2},"end":{"line":69,"column":null}},"12":{"start":{"line":68,"column":4},"end":{"line":68,"column":null}},"13":{"start":{"line":71,"column":2},"end":{"line":76,"column":null}},"14":{"start":{"line":72,"column":4},"end":{"line":75,"column":null}},"15":{"start":{"line":78,"column":22},"end":{"line":78,"column":null}},"16":{"start":{"line":80,"column":2},"end":{"line":85,"column":null}},"17":{"start":{"line":81,"column":4},"end":{"line":84,"column":null}},"18":{"start":{"line":87,"column":2},"end":{"line":92,"column":null}},"19":{"start":{"line":88,"column":4},"end":{"line":91,"column":null}},"20":{"start":{"line":95,"column":21},"end":{"line":95,"column":null}},"21":{"start":{"line":96,"column":22},"end":{"line":96,"column":null}},"22":{"start":{"line":97,"column":16},"end":{"line":97,"column":null}},"23":{"start":{"line":99,"column":2},"end":{"line":102,"column":null}},"24":{"start":{"line":112,"column":14},"end":{"line":112,"column":null}},"25":{"start":{"line":114,"column":28},"end":{"line":120,"column":null}},"26":{"start":{"line":123,"column":17},"end":{"line":123,"column":null}},"27":{"start":{"line":124,"column":2},"end":{"line":124,"column":null}},"28":{"start":{"line":125,"column":2},"end":{"line":125,"column":null}},"29":{"start":{"line":127,"column":14},"end":{"line":127,"column":null}},"30":{"start":{"line":128,"column":2},"end":{"line":130,"column":null}},"31":{"start":{"line":129,"column":4},"end":{"line":129,"column":null}},"32":{"start":{"line":133,"column":2},"end":{"line":136,"column":null}},"33":{"start":{"line":134,"column":4},"end":{"line":134,"column":null}},"34":{"start":{"line":135,"column":4},"end":{"line":135,"column":null}},"35":{"start":{"line":138,"column":2},"end":{"line":138,"column":null}},"36":{"start":{"line":141,"column":19},"end":{"line":141,"column":null}},"37":{"start":{"line":142,"column":18},"end":{"line":142,"column":null}},"38":{"start":{"line":144,"column":15},"end":{"line":156,"column":null}},"39":{"start":{"line":145,"column":4},"end":{"line":155,"column":null}},"40":{"start":{"line":147,"column":8},"end":{"line":151,"column":null}},"41":{"start":{"line":148,"column":10},"end":{"line":148,"column":null}},"42":{"start":{"line":150,"column":10},"end":{"line":150,"column":null}},"43":{"start":{"line":159,"column":19},"end":{"line":159,"column":null}},"44":{"start":{"line":160,"column":19},"end":{"line":160,"column":null}},"45":{"start":{"line":162,"column":2},"end":{"line":169,"column":null}},"46":{"start":{"line":180,"column":38},"end":{"line":180,"column":null}},"47":{"start":{"line":182,"column":2},"end":{"line":186,"column":null}},"48":{"start":{"line":182,"column":15},"end":{"line":182,"column":18}},"49":{"start":{"line":183,"column":19},"end":{"line":183,"column":null}},"50":{"start":{"line":184,"column":4},"end":{"line":184,"column":null}},"51":{"start":{"line":185,"column":4},"end":{"line":185,"column":null}},"52":{"start":{"line":188,"column":2},"end":{"line":188,"column":null}},"53":{"start":{"line":195,"column":14},"end":{"line":195,"column":null}},"54":{"start":{"line":196,"column":12},"end":{"line":196,"column":null}},"55":{"start":{"line":197,"column":2},"end":{"line":197,"column":null}},"56":{"start":{"line":198,"column":2},"end":{"line":198,"column":null}},"57":{"start":{"line":199,"column":2},"end":{"line":199,"column":null}},"58":{"start":{"line":200,"column":2},"end":{"line":200,"column":null}},"59":{"start":{"line":201,"column":2},"end":{"line":201,"column":null}},"60":{"start":{"line":202,"column":2},"end":{"line":202,"column":null}},"61":{"start":{"line":212,"column":8},"end":{"line":212,"column":null}},"62":{"start":{"line":213,"column":14},"end":{"line":213,"column":null}},"63":{"start":{"line":215,"column":2},"end":{"line":217,"column":null}},"64":{"start":{"line":216,"column":4},"end":{"line":216,"column":null}},"65":{"start":{"line":219,"column":18},"end":{"line":219,"column":null}},"66":{"start":{"line":220,"column":2},"end":{"line":220,"column":null}},"67":{"start":{"line":227,"column":2},"end":{"line":227,"column":null}},"68":{"start":{"line":227,"column":19},"end":{"line":227,"column":null}},"69":{"start":{"line":228,"column":12},"end":{"line":228,"column":null}},"70":{"start":{"line":229,"column":16},"end":{"line":229,"column":null}},"71":{"start":{"line":230,"column":12},"end":{"line":230,"column":null}},"72":{"start":{"line":231,"column":2},"end":{"line":231,"column":null}},"73":{"start":{"line":238,"column":2},"end":{"line":238,"column":null}},"74":{"start":{"line":245,"column":2},"end":{"line":245,"column":null}}},"fnMap":{"0":{"name":"loadImage","decl":{"start":{"line":38,"column":16},"end":{"line":38,"column":26}},"loc":{"start":{"line":38,"column":65},"end":{"line":55,"column":null}},"line":38},"1":{"name":"(anonymous_1)","decl":{"start":{"line":39,"column":21},"end":{"line":39,"column":22}},"loc":{"start":{"line":39,"column":42},"end":{"line":54,"column":3}},"line":39},"2":{"name":"(anonymous_2)","decl":{"start":{"line":43,"column":17},"end":{"line":43,"column":23}},"loc":{"start":{"line":43,"column":23},"end":{"line":46,"column":null}},"line":43},"3":{"name":"(anonymous_3)","decl":{"start":{"line":48,"column":18},"end":{"line":48,"column":24}},"loc":{"start":{"line":48,"column":24},"end":{"line":51,"column":null}},"line":48},"4":{"name":"calculateDimensions","decl":{"start":{"line":60,"column":16},"end":{"line":60,"column":null}},"loc":{"start":{"line":66,"column":37},"end":{"line":103,"column":null}},"line":66},"5":{"name":"convertImage","decl":{"start":{"line":108,"column":22},"end":{"line":108,"column":null}},"loc":{"start":{"line":111,"column":29},"end":{"line":170,"column":null}},"line":111},"6":{"name":"(anonymous_6)","decl":{"start":{"line":144,"column":39},"end":{"line":144,"column":40}},"loc":{"start":{"line":144,"column":60},"end":{"line":156,"column":3}},"line":144},"7":{"name":"(anonymous_7)","decl":{"start":{"line":146,"column":6},"end":{"line":146,"column":7}},"loc":{"start":{"line":146,"column":16},"end":{"line":152,"column":null}},"line":146},"8":{"name":"batchConvert","decl":{"start":{"line":175,"column":22},"end":{"line":175,"column":null}},"loc":{"start":{"line":179,"column":31},"end":{"line":189,"column":null}},"line":179},"9":{"name":"downloadFile","decl":{"start":{"line":194,"column":16},"end":{"line":194,"column":29}},"loc":{"start":{"line":194,"column":65},"end":{"line":203,"column":null}},"line":194},"10":{"name":"downloadAsZip","decl":{"start":{"line":208,"column":22},"end":{"line":208,"column":null}},"loc":{"start":{"line":211,"column":17},"end":{"line":221,"column":null}},"line":211},"11":{"name":"(anonymous_11)","decl":{"start":{"line":215,"column":18},"end":{"line":215,"column":19}},"loc":{"start":{"line":215,"column":30},"end":{"line":217,"column":3}},"line":215},"12":{"name":"formatFileSize","decl":{"start":{"line":226,"column":16},"end":{"line":226,"column":31}},"loc":{"start":{"line":226,"column":54},"end":{"line":232,"column":null}},"line":226},"13":{"name":"getSupportedInputFormats","decl":{"start":{"line":237,"column":16},"end":{"line":237,"column":53}},"loc":{"start":{"line":237,"column":53},"end":{"line":239,"column":null}},"line":237},"14":{"name":"getSupportedOutputFormats","decl":{"start":{"line":244,"column":16},"end":{"line":244,"column":59}},"loc":{"start":{"line":244,"column":59},"end":{"line":246,"column":null}},"line":244}},"branchMap":{"0":{"loc":{"start":{"line":65,"column":2},"end":{"line":65,"column":null}},"type":"default-arg","locations":[{"start":{"line":65,"column":24},"end":{"line":65,"column":null}}],"line":65},"1":{"loc":{"start":{"line":67,"column":2},"end":{"line":69,"column":null}},"type":"if","locations":[{"start":{"line":67,"column":2},"end":{"line":69,"column":null}},{"start":{},"end":{}}],"line":67},"2":{"loc":{"start":{"line":67,"column":6},"end":{"line":67,"column":37}},"type":"binary-expr","locations":[{"start":{"line":67,"column":6},"end":{"line":67,"column":22}},{"start":{"line":67,"column":22},"end":{"line":67,"column":37}}],"line":67},"3":{"loc":{"start":{"line":71,"column":2},"end":{"line":76,"column":null}},"type":"if","locations":[{"start":{"line":71,"column":2},"end":{"line":76,"column":null}},{"start":{},"end":{}}],"line":71},"4":{"loc":{"start":{"line":73,"column":13},"end":{"line":73,"column":null}},"type":"binary-expr","locations":[{"start":{"line":73,"column":13},"end":{"line":73,"column":28}},{"start":{"line":73,"column":28},"end":{"line":73,"column":null}}],"line":73},"5":{"loc":{"start":{"line":74,"column":14},"end":{"line":74,"column":null}},"type":"binary-expr","locations":[{"start":{"line":74,"column":14},"end":{"line":74,"column":30}},{"start":{"line":74,"column":30},"end":{"line":74,"column":null}}],"line":74},"6":{"loc":{"start":{"line":80,"column":2},"end":{"line":85,"column":null}},"type":"if","locations":[{"start":{"line":80,"column":2},"end":{"line":85,"column":null}},{"start":{},"end":{}}],"line":80},"7":{"loc":{"start":{"line":80,"column":6},"end":{"line":80,"column":36}},"type":"binary-expr","locations":[{"start":{"line":80,"column":6},"end":{"line":80,"column":21}},{"start":{"line":80,"column":21},"end":{"line":80,"column":36}}],"line":80},"8":{"loc":{"start":{"line":87,"column":2},"end":{"line":92,"column":null}},"type":"if","locations":[{"start":{"line":87,"column":2},"end":{"line":92,"column":null}},{"start":{},"end":{}}],"line":87},"9":{"loc":{"start":{"line":87,"column":6},"end":{"line":87,"column":36}},"type":"binary-expr","locations":[{"start":{"line":87,"column":6},"end":{"line":87,"column":22}},{"start":{"line":87,"column":22},"end":{"line":87,"column":36}}],"line":87},"10":{"loc":{"start":{"line":128,"column":2},"end":{"line":130,"column":null}},"type":"if","locations":[{"start":{"line":128,"column":2},"end":{"line":130,"column":null}},{"start":{},"end":{}}],"line":128},"11":{"loc":{"start":{"line":133,"column":2},"end":{"line":136,"column":null}},"type":"if","locations":[{"start":{"line":133,"column":2},"end":{"line":136,"column":null}},{"start":{},"end":{}}],"line":133},"12":{"loc":{"start":{"line":133,"column":6},"end":{"line":133,"column":61}},"type":"binary-expr","locations":[{"start":{"line":133,"column":6},"end":{"line":133,"column":34}},{"start":{"line":133,"column":34},"end":{"line":133,"column":61}}],"line":133},"13":{"loc":{"start":{"line":142,"column":18},"end":{"line":142,"column":null}},"type":"cond-expr","locations":[{"start":{"line":142,"column":45},"end":{"line":142,"column":57}},{"start":{"line":142,"column":57},"end":{"line":142,"column":null}}],"line":142},"14":{"loc":{"start":{"line":147,"column":8},"end":{"line":151,"column":null}},"type":"if","locations":[{"start":{"line":147,"column":8},"end":{"line":151,"column":null}},{"start":{"line":149,"column":15},"end":{"line":151,"column":null}}],"line":147},"15":{"loc":{"start":{"line":210,"column":2},"end":{"line":210,"column":null}},"type":"default-arg","locations":[{"start":{"line":210,"column":16},"end":{"line":210,"column":null}}],"line":210},"16":{"loc":{"start":{"line":227,"column":2},"end":{"line":227,"column":null}},"type":"if","locations":[{"start":{"line":227,"column":2},"end":{"line":227,"column":null}},{"start":{},"end":{}}],"line":227}},"s":{"0":4,"1":9,"2":9,"3":9,"4":9,"5":9,"6":9,"7":9,"8":0,"9":0,"10":9,"11":15,"12":8,"13":7,"14":1,"15":6,"16":6,"17":4,"18":2,"19":1,"20":1,"21":1,"22":1,"23":1,"24":8,"25":8,"26":8,"27":8,"28":8,"29":8,"30":8,"31":0,"32":8,"33":1,"34":1,"35":8,"36":8,"37":8,"38":8,"39":8,"40":8,"41":8,"42":0,"43":8,"44":8,"45":8,"46":0,"47":0,"48":0,"49":0,"50":0,"51":0,"52":0,"53":0,"54":0,"55":0,"56":0,"57":0,"58":0,"59":0,"60":0,"61":0,"62":0,"63":0,"64":0,"65":0,"66":0,"67":11,"68":1,"69":10,"70":10,"71":10,"72":10,"73":10,"74":9},"f":{"0":9,"1":9,"2":9,"3":0,"4":15,"5":8,"6":8,"7":8,"8":0,"9":0,"10":0,"11":0,"12":11,"13":10,"14":9},"b":{"0":[15],"1":[8,7],"2":[15,9],"3":[1,6],"4":[1,0],"5":[1,0],"6":[4,2],"7":[6,5],"8":[1,1],"9":[2,1],"10":[0,8],"11":[1,7],"12":[8,7],"13":[4,4],"14":[8,0],"15":[0],"16":[1,10]},"meta":{"lastBranch":17,"lastFunction":15,"lastStatement":75,"seen":{"s:25:48:33:Infinity":0,"f:38:16:38:26":0,"s:39:2:54:Infinity":1,"f:39:21:39:22":1,"s:40:16:40:Infinity":2,"s:41:16:41:Infinity":3,"s:43:4:46:Infinity":4,"f:43:17:43:23":2,"s:44:6:44:Infinity":5,"s:45:6:45:Infinity":6,"s:48:4:51:Infinity":7,"f:48:18:48:24":3,"s:49:6:49:Infinity":8,"s:50:6:50:Infinity":9,"s:53:4:53:Infinity":10,"f:60:16:60:Infinity":4,"b:65:24:65:Infinity":0,"b:67:2:69:Infinity:undefined:undefined:undefined:undefined":1,"s:67:2:69:Infinity":11,"b:67:6:67:22:67:22:67:37":2,"s:68:4:68:Infinity":12,"b:71:2:76:Infinity:undefined:undefined:undefined:undefined":3,"s:71:2:76:Infinity":13,"s:72:4:75:Infinity":14,"b:73:13:73:28:73:28:73:Infinity":4,"b:74:14:74:30:74:30:74:Infinity":5,"s:78:22:78:Infinity":15,"b:80:2:85:Infinity:undefined:undefined:undefined:undefined":6,"s:80:2:85:Infinity":16,"b:80:6:80:21:80:21:80:36":7,"s:81:4:84:Infinity":17,"b:87:2:92:Infinity:undefined:undefined:undefined:undefined":8,"s:87:2:92:Infinity":18,"b:87:6:87:22:87:22:87:36":9,"s:88:4:91:Infinity":19,"s:95:21:95:Infinity":20,"s:96:22:96:Infinity":21,"s:97:16:97:Infinity":22,"s:99:2:102:Infinity":23,"f:108:22:108:Infinity":5,"s:112:14:112:Infinity":24,"s:114:28:120:Infinity":25,"s:123:17:123:Infinity":26,"s:124:2:124:Infinity":27,"s:125:2:125:Infinity":28,"s:127:14:127:Infinity":29,"b:128:2:130:Infinity:undefined:undefined:undefined:undefined":10,"s:128:2:130:Infinity":30,"s:129:4:129:Infinity":31,"b:133:2:136:Infinity:undefined:undefined:undefined:undefined":11,"s:133:2:136:Infinity":32,"b:133:6:133:34:133:34:133:61":12,"s:134:4:134:Infinity":33,"s:135:4:135:Infinity":34,"s:138:2:138:Infinity":35,"s:141:19:141:Infinity":36,"s:142:18:142:Infinity":37,"b:142:45:142:57:142:57:142:Infinity":13,"s:144:15:156:Infinity":38,"f:144:39:144:40":6,"s:145:4:155:Infinity":39,"f:146:6:146:7":7,"b:147:8:151:Infinity:149:15:151:Infinity":14,"s:147:8:151:Infinity":40,"s:148:10:148:Infinity":41,"s:150:10:150:Infinity":42,"s:159:19:159:Infinity":43,"s:160:19:160:Infinity":44,"s:162:2:169:Infinity":45,"f:175:22:175:Infinity":8,"s:180:38:180:Infinity":46,"s:182:2:186:Infinity":47,"s:182:15:182:18":48,"s:183:19:183:Infinity":49,"s:184:4:184:Infinity":50,"s:185:4:185:Infinity":51,"s:188:2:188:Infinity":52,"f:194:16:194:29":9,"s:195:14:195:Infinity":53,"s:196:12:196:Infinity":54,"s:197:2:197:Infinity":55,"s:198:2:198:Infinity":56,"s:199:2:199:Infinity":57,"s:200:2:200:Infinity":58,"s:201:2:201:Infinity":59,"s:202:2:202:Infinity":60,"f:208:22:208:Infinity":10,"b:210:16:210:Infinity":15,"s:212:8:212:Infinity":61,"s:213:14:213:Infinity":62,"s:215:2:217:Infinity":63,"f:215:18:215:19":11,"s:216:4:216:Infinity":64,"s:219:18:219:Infinity":65,"s:220:2:220:Infinity":66,"f:226:16:226:31":12,"b:227:2:227:Infinity:undefined:undefined:undefined:undefined":16,"s:227:2:227:Infinity":67,"s:227:19:227:Infinity":68,"s:228:12:228:Infinity":69,"s:229:16:229:Infinity":70,"s:230:12:230:Infinity":71,"s:231:2:231:Infinity":72,"f:237:16:237:53":13,"s:238:2:238:Infinity":73,"f:244:16:244:59":14,"s:245:2:245:Infinity":74}}}
,"/private/tmp/file-converter/frontend/src/lib/i18n.ts": {"path":"/private/tmp/file-converter/frontend/src/lib/i18n.ts","statementMap":{"0":{"start":{"line":13,"column":18},"end":{"line":21,"column":null}},"1":{"start":{"line":23,"column":0},"end":{"line":35,"column":null}}},"fnMap":{},"branchMap":{},"s":{"0":0,"1":0},"f":{},"b":{},"meta":{"lastBranch":0,"lastFunction":0,"lastStatement":2,"seen":{"s:13:18:21:Infinity":0,"s:23:0:35:Infinity":1}}}
,"/private/tmp/file-converter/frontend/src/pages/HomePage.tsx": {"path":"/private/tmp/file-converter/frontend/src/pages/HomePage.tsx","statementMap":{"0":{"start":{"line":8,"column":12},"end":{"line":8,"column":null}},"1":{"start":{"line":10,"column":2},"end":{"line":124,"column":null}},"2":{"start":{"line":34,"column":14},"end":{"line":39,"column":null}}},"fnMap":{"0":{"name":"HomePage","decl":{"start":{"line":7,"column":16},"end":{"line":7,"column":27}},"loc":{"start":{"line":7,"column":27},"end":{"line":126,"column":null}},"line":7},"1":{"name":"(anonymous_1)","decl":{"start":{"line":33,"column":54},"end":{"line":33,"column":55}},"loc":{"start":{"line":34,"column":14},"end":{"line":39,"column":null}},"line":34}},"branchMap":{"0":{"loc":{"start":{"line":38,"column":17},"end":{"line":38,"column":null}},"type":"binary-expr","locations":[{"start":{"line":38,"column":17},"end":{"line":38,"column":26}},{"start":{"line":38,"column":26},"end":{"line":38,"column":null}}],"line":38}},"s":{"0":6,"1":6,"2":30},"f":{"0":6,"1":30},"b":{"0":[30,24]},"meta":{"lastBranch":1,"lastFunction":2,"lastStatement":3,"seen":{"f:7:16:7:27":0,"s:8:12:8:Infinity":0,"s:10:2:124:Infinity":1,"f:33:54:33:55":1,"s:34:14:39:Infinity":2,"b:38:17:38:26:38:26:38:Infinity":0}}}
,"/private/tmp/file-converter/frontend/src/pages/PricingPage.tsx": {"path":"/private/tmp/file-converter/frontend/src/pages/PricingPage.tsx","statementMap":{"0":{"start":{"line":5,"column":12},"end":{"line":5,"column":null}},"1":{"start":{"line":7,"column":24},"end":{"line":7,"column":null}},"2":{"start":{"line":8,"column":23},"end":{"line":8,"column":null}},"3":{"start":{"line":11,"column":27},"end":{"line":11,"column":null}},"4":{"start":{"line":12,"column":26},"end":{"line":12,"column":null}},"5":{"start":{"line":14,"column":2},"end":{"line":93,"column":null}},"6":{"start":{"line":40,"column":16},"end":{"line":43,"column":null}},"7":{"start":{"line":80,"column":16},"end":{"line":83,"column":null}}},"fnMap":{"0":{"name":"PricingPage","decl":{"start":{"line":4,"column":16},"end":{"line":4,"column":30}},"loc":{"start":{"line":4,"column":30},"end":{"line":95,"column":null}},"line":4},"1":{"name":"(anonymous_1)","decl":{"start":{"line":39,"column":36},"end":{"line":39,"column":37}},"loc":{"start":{"line":40,"column":16},"end":{"line":43,"column":null}},"line":40},"2":{"name":"(anonymous_2)","decl":{"start":{"line":79,"column":35},"end":{"line":79,"column":36}},"loc":{"start":{"line":80,"column":16},"end":{"line":83,"column":null}},"line":80}},"branchMap":{"0":{"loc":{"start":{"line":7,"column":24},"end":{"line":7,"column":null}},"type":"binary-expr","locations":[{"start":{"line":7,"column":24},"end":{"line":7,"column":79}},{"start":{"line":7,"column":79},"end":{"line":7,"column":null}}],"line":7},"1":{"loc":{"start":{"line":8,"column":23},"end":{"line":8,"column":null}},"type":"binary-expr","locations":[{"start":{"line":8,"column":23},"end":{"line":8,"column":77}},{"start":{"line":8,"column":77},"end":{"line":8,"column":null}}],"line":8},"2":{"loc":{"start":{"line":11,"column":27},"end":{"line":11,"column":null}},"type":"cond-expr","locations":[{"start":{"line":11,"column":57},"end":{"line":11,"column":72}},{"start":{"line":11,"column":72},"end":{"line":11,"column":null}}],"line":11},"3":{"loc":{"start":{"line":12,"column":26},"end":{"line":12,"column":null}},"type":"cond-expr","locations":[{"start":{"line":12,"column":55},"end":{"line":12,"column":69}},{"start":{"line":12,"column":69},"end":{"line":12,"column":null}}],"line":12}},"s":{"0":6,"1":6,"2":6,"3":6,"4":6,"5":6,"6":0,"7":0},"f":{"0":6,"1":0,"2":0},"b":{"0":[6,0],"1":[6,0],"2":[0,6],"3":[0,6]},"meta":{"lastBranch":4,"lastFunction":3,"lastStatement":8,"seen":{"f:4:16:4:30":0,"s:5:12:5:Infinity":0,"s:7:24:7:Infinity":1,"b:7:24:7:79:7:79:7:Infinity":0,"s:8:23:8:Infinity":2,"b:8:23:8:77:8:77:8:Infinity":1,"s:11:27:11:Infinity":3,"b:11:57:11:72:11:72:11:Infinity":2,"s:12:26:12:Infinity":4,"b:12:55:12:69:12:69:12:Infinity":3,"s:14:2:93:Infinity":5,"f:39:36:39:37":1,"s:40:16:43:Infinity":6,"f:79:35:79:36":2,"s:80:16:83:Infinity":7}}}
,"/private/tmp/file-converter/frontend/src/stores/converterStore.ts": {"path":"/private/tmp/file-converter/frontend/src/stores/converterStore.ts","statementMap":{"0":{"start":{"line":38,"column":20},"end":{"line":38,"column":null}},"1":{"start":{"line":40,"column":13},"end":{"line":150,"column":null}},"2":{"start":{"line":40,"column":71},"end":{"line":150,"column":2}},"3":{"start":{"line":51,"column":33},"end":{"line":56,"column":null}},"4":{"start":{"line":51,"column":54},"end":{"line":56,"column":6}},"5":{"start":{"line":57,"column":4},"end":{"line":57,"column":null}},"6":{"start":{"line":57,"column":20},"end":{"line":57,"column":61}},"7":{"start":{"line":61,"column":4},"end":{"line":67,"column":null}},"8":{"start":{"line":62,"column":19},"end":{"line":62,"column":null}},"9":{"start":{"line":62,"column":43},"end":{"line":62,"column":54}},"10":{"start":{"line":63,"column":6},"end":{"line":65,"column":null}},"11":{"start":{"line":64,"column":8},"end":{"line":64,"column":null}},"12":{"start":{"line":66,"column":6},"end":{"line":66,"column":null}},"13":{"start":{"line":66,"column":48},"end":{"line":66,"column":59}},"14":{"start":{"line":71,"column":22},"end":{"line":71,"column":null}},"15":{"start":{"line":72,"column":4},"end":{"line":72,"column":null}},"16":{"start":{"line":72,"column":25},"end":{"line":72,"column":55}},"17":{"start":{"line":73,"column":4},"end":{"line":73,"column":null}},"18":{"start":{"line":76,"column":31},"end":{"line":76,"column":null}},"19":{"start":{"line":77,"column":27},"end":{"line":77,"column":null}},"20":{"start":{"line":78,"column":23},"end":{"line":78,"column":null}},"21":{"start":{"line":79,"column":25},"end":{"line":79,"column":null}},"22":{"start":{"line":80,"column":40},"end":{"line":80,"column":null}},"23":{"start":{"line":83,"column":81},"end":{"line":83,"column":null}},"24":{"start":{"line":84,"column":25},"end":{"line":84,"column":null}},"25":{"start":{"line":84,"column":45},"end":{"line":84,"column":64}},"26":{"start":{"line":86,"column":4},"end":{"line":86,"column":null}},"27":{"start":{"line":86,"column":35},"end":{"line":86,"column":null}},"28":{"start":{"line":88,"column":4},"end":{"line":88,"column":null}},"29":{"start":{"line":90,"column":39},"end":{"line":96,"column":null}},"30":{"start":{"line":98,"column":4},"end":{"line":126,"column":null}},"31":{"start":{"line":98,"column":17},"end":{"line":98,"column":20}},"32":{"start":{"line":99,"column":23},"end":{"line":99,"column":null}},"33":{"start":{"line":101,"column":6},"end":{"line":105,"column":null}},"34":{"start":{"line":101,"column":22},"end":{"line":105,"column":8}},"35":{"start":{"line":103,"column":10},"end":{"line":103,"column":null}},"36":{"start":{"line":107,"column":6},"end":{"line":125,"column":null}},"37":{"start":{"line":108,"column":23},"end":{"line":108,"column":null}},"38":{"start":{"line":110,"column":8},"end":{"line":115,"column":null}},"39":{"start":{"line":110,"column":24},"end":{"line":115,"column":10}},"40":{"start":{"line":112,"column":12},"end":{"line":112,"column":null}},"41":{"start":{"line":117,"column":8},"end":{"line":124,"column":null}},"42":{"start":{"line":117,"column":24},"end":{"line":124,"column":10}},"43":{"start":{"line":119,"column":12},"end":{"line":121,"column":null}},"44":{"start":{"line":128,"column":4},"end":{"line":128,"column":null}},"45":{"start":{"line":132,"column":17},"end":{"line":132,"column":null}},"46":{"start":{"line":132,"column":41},"end":{"line":132,"column":52}},"47":{"start":{"line":133,"column":4},"end":{"line":135,"column":null}},"48":{"start":{"line":134,"column":6},"end":{"line":134,"column":null}},"49":{"start":{"line":139,"column":22},"end":{"line":139,"column":null}},"50":{"start":{"line":140,"column":22},"end":{"line":140,"column":null}},"51":{"start":{"line":140,"column":42},"end":{"line":140,"column":73}},"52":{"start":{"line":142,"column":4},"end":{"line":142,"column":null}},"53":{"start":{"line":142,"column":32},"end":{"line":142,"column":null}},"54":{"start":{"line":144,"column":4},"end":{"line":148,"column":null}},"55":{"start":{"line":145,"column":6},"end":{"line":145,"column":null}},"56":{"start":{"line":147,"column":6},"end":{"line":147,"column":null}},"57":{"start":{"line":147,"column":47},"end":{"line":147,"column":56}}},"fnMap":{"0":{"name":"(anonymous_0)","decl":{"start":{"line":40,"column":56},"end":{"line":40,"column":57}},"loc":{"start":{"line":40,"column":71},"end":{"line":150,"column":2}},"line":40},"1":{"name":"(anonymous_1)","decl":{"start":{"line":50,"column":12},"end":{"line":50,"column":13}},"loc":{"start":{"line":50,"column":23},"end":{"line":58,"column":null}},"line":50},"2":{"name":"(anonymous_2)","decl":{"start":{"line":51,"column":43},"end":{"line":51,"column":44}},"loc":{"start":{"line":51,"column":54},"end":{"line":56,"column":6}},"line":51},"3":{"name":"(anonymous_3)","decl":{"start":{"line":57,"column":8},"end":{"line":57,"column":9}},"loc":{"start":{"line":57,"column":20},"end":{"line":57,"column":61}},"line":57},"4":{"name":"(anonymous_4)","decl":{"start":{"line":60,"column":14},"end":{"line":60,"column":15}},"loc":{"start":{"line":60,"column":22},"end":{"line":68,"column":null}},"line":60},"5":{"name":"(anonymous_5)","decl":{"start":{"line":61,"column":8},"end":{"line":61,"column":9}},"loc":{"start":{"line":61,"column":19},"end":{"line":67,"column":5}},"line":61},"6":{"name":"(anonymous_6)","decl":{"start":{"line":62,"column":36},"end":{"line":62,"column":37}},"loc":{"start":{"line":62,"column":43},"end":{"line":62,"column":54}},"line":62},"7":{"name":"(anonymous_7)","decl":{"start":{"line":66,"column":41},"end":{"line":66,"column":42}},"loc":{"start":{"line":66,"column":48},"end":{"line":66,"column":59}},"line":66},"8":{"name":"(anonymous_8)","decl":{"start":{"line":70,"column":14},"end":{"line":70,"column":20}},"loc":{"start":{"line":70,"column":20},"end":{"line":74,"column":null}},"line":70},"9":{"name":"(anonymous_9)","decl":{"start":{"line":72,"column":18},"end":{"line":72,"column":19}},"loc":{"start":{"line":72,"column":25},"end":{"line":72,"column":55}},"line":72},"10":{"name":"(anonymous_10)","decl":{"start":{"line":76,"column":19},"end":{"line":76,"column":20}},"loc":{"start":{"line":76,"column":31},"end":{"line":76,"column":null}},"line":76},"11":{"name":"(anonymous_11)","decl":{"start":{"line":77,"column":14},"end":{"line":77,"column":15}},"loc":{"start":{"line":77,"column":27},"end":{"line":77,"column":null}},"line":77},"12":{"name":"(anonymous_12)","decl":{"start":{"line":78,"column":12},"end":{"line":78,"column":13}},"loc":{"start":{"line":78,"column":23},"end":{"line":78,"column":null}},"line":78},"13":{"name":"(anonymous_13)","decl":{"start":{"line":79,"column":13},"end":{"line":79,"column":14}},"loc":{"start":{"line":79,"column":25},"end":{"line":79,"column":null}},"line":79},"14":{"name":"(anonymous_14)","decl":{"start":{"line":80,"column":26},"end":{"line":80,"column":27}},"loc":{"start":{"line":80,"column":40},"end":{"line":80,"column":null}},"line":80},"15":{"name":"(anonymous_15)","decl":{"start":{"line":82,"column":14},"end":{"line":82,"column":26}},"loc":{"start":{"line":82,"column":26},"end":{"line":129,"column":null}},"line":82},"16":{"name":"(anonymous_16)","decl":{"start":{"line":84,"column":38},"end":{"line":84,"column":39}},"loc":{"start":{"line":84,"column":45},"end":{"line":84,"column":64}},"line":84},"17":{"name":"(anonymous_17)","decl":{"start":{"line":101,"column":10},"end":{"line":101,"column":11}},"loc":{"start":{"line":101,"column":22},"end":{"line":105,"column":8}},"line":101},"18":{"name":"(anonymous_18)","decl":{"start":{"line":102,"column":31},"end":{"line":102,"column":32}},"loc":{"start":{"line":103,"column":10},"end":{"line":103,"column":null}},"line":103},"19":{"name":"(anonymous_19)","decl":{"start":{"line":110,"column":12},"end":{"line":110,"column":13}},"loc":{"start":{"line":110,"column":24},"end":{"line":115,"column":10}},"line":110},"20":{"name":"(anonymous_20)","decl":{"start":{"line":111,"column":33},"end":{"line":111,"column":34}},"loc":{"start":{"line":112,"column":12},"end":{"line":112,"column":null}},"line":112},"21":{"name":"(anonymous_21)","decl":{"start":{"line":117,"column":12},"end":{"line":117,"column":13}},"loc":{"start":{"line":117,"column":24},"end":{"line":124,"column":10}},"line":117},"22":{"name":"(anonymous_22)","decl":{"start":{"line":118,"column":33},"end":{"line":118,"column":34}},"loc":{"start":{"line":119,"column":12},"end":{"line":121,"column":null}},"line":119},"23":{"name":"(anonymous_23)","decl":{"start":{"line":131,"column":18},"end":{"line":131,"column":19}},"loc":{"start":{"line":131,"column":26},"end":{"line":136,"column":null}},"line":131},"24":{"name":"(anonymous_24)","decl":{"start":{"line":132,"column":34},"end":{"line":132,"column":35}},"loc":{"start":{"line":132,"column":41},"end":{"line":132,"column":52}},"line":132},"25":{"name":"(anonymous_25)","decl":{"start":{"line":138,"column":15},"end":{"line":138,"column":27}},"loc":{"start":{"line":138,"column":27},"end":{"line":149,"column":null}},"line":138},"26":{"name":"(anonymous_26)","decl":{"start":{"line":140,"column":35},"end":{"line":140,"column":36}},"loc":{"start":{"line":140,"column":42},"end":{"line":140,"column":73}},"line":140},"27":{"name":"(anonymous_27)","decl":{"start":{"line":147,"column":40},"end":{"line":147,"column":41}},"loc":{"start":{"line":147,"column":47},"end":{"line":147,"column":56}},"line":147}},"branchMap":{"0":{"loc":{"start":{"line":63,"column":6},"end":{"line":65,"column":null}},"type":"if","locations":[{"start":{"line":63,"column":6},"end":{"line":65,"column":null}},{"start":{},"end":{}}],"line":63},"1":{"loc":{"start":{"line":86,"column":4},"end":{"line":86,"column":null}},"type":"if","locations":[{"start":{"line":86,"column":4},"end":{"line":86,"column":null}},{"start":{},"end":{}}],"line":86},"2":{"loc":{"start":{"line":103,"column":10},"end":{"line":103,"column":null}},"type":"cond-expr","locations":[{"start":{"line":103,"column":33},"end":{"line":103,"column":66}},{"start":{"line":103,"column":66},"end":{"line":103,"column":null}}],"line":103},"3":{"loc":{"start":{"line":112,"column":12},"end":{"line":112,"column":null}},"type":"cond-expr","locations":[{"start":{"line":112,"column":35},"end":{"line":112,"column":70}},{"start":{"line":112,"column":70},"end":{"line":112,"column":null}}],"line":112},"4":{"loc":{"start":{"line":119,"column":12},"end":{"line":121,"column":null}},"type":"cond-expr","locations":[{"start":{"line":120,"column":16},"end":{"line":120,"column":null}},{"start":{"line":121,"column":16},"end":{"line":121,"column":null}}],"line":119},"5":{"loc":{"start":{"line":133,"column":4},"end":{"line":135,"column":null}},"type":"if","locations":[{"start":{"line":133,"column":4},"end":{"line":135,"column":null}},{"start":{},"end":{}}],"line":133},"6":{"loc":{"start":{"line":140,"column":42},"end":{"line":140,"column":73}},"type":"binary-expr","locations":[{"start":{"line":140,"column":42},"end":{"line":140,"column":65}},{"start":{"line":140,"column":65},"end":{"line":140,"column":73}}],"line":140},"7":{"loc":{"start":{"line":142,"column":4},"end":{"line":142,"column":null}},"type":"if","locations":[{"start":{"line":142,"column":4},"end":{"line":142,"column":null}},{"start":{},"end":{}}],"line":142},"8":{"loc":{"start":{"line":144,"column":4},"end":{"line":148,"column":null}},"type":"if","locations":[{"start":{"line":144,"column":4},"end":{"line":148,"column":null}},{"start":{"line":146,"column":11},"end":{"line":148,"column":null}}],"line":144},"9":{"loc":{"start":{"line":144,"column":8},"end":{"line":144,"column":55}},"type":"binary-expr","locations":[{"start":{"line":144,"column":8},"end":{"line":144,"column":34}},{"start":{"line":144,"column":34},"end":{"line":144,"column":55}}],"line":144}},"s":{"0":3,"1":3,"2":3,"3":17,"4":25,"5":17,"6":17,"7":2,"8":2,"9":2,"10":2,"11":2,"12":2,"13":3,"14":3,"15":3,"16":5,"17":3,"18":2,"19":2,"20":1,"21":1,"22":2,"23":3,"24":3,"25":3,"26":3,"27":1,"28":2,"29":2,"30":2,"31":2,"32":3,"33":3,"34":3,"35":5,"36":3,"37":3,"38":3,"39":3,"40":5,"41":0,"42":0,"43":0,"44":3,"45":1,"46":1,"47":1,"48":0,"49":0,"50":0,"51":0,"52":0,"53":0,"54":0,"55":0,"56":0,"57":0},"f":{"0":3,"1":17,"2":25,"3":17,"4":2,"5":2,"6":2,"7":3,"8":3,"9":5,"10":2,"11":2,"12":1,"13":1,"14":2,"15":3,"16":3,"17":3,"18":5,"19":3,"20":5,"21":0,"22":0,"23":1,"24":1,"25":0,"26":0,"27":0},"b":{"0":[2,0],"1":[1,2],"2":[3,2],"3":[3,2],"4":[0,0],"5":[0,1],"6":[0,0],"7":[0,0],"8":[0,0],"9":[0,0]},"meta":{"lastBranch":10,"lastFunction":28,"lastStatement":58,"seen":{"s:38:20:38:Infinity":0,"s:40:13:150:Infinity":1,"f:40:56:40:57":0,"s:40:71:150:2":2,"f:50:12:50:13":1,"s:51:33:56:Infinity":3,"f:51:43:51:44":2,"s:51:54:56:6":4,"s:57:4:57:Infinity":5,"f:57:8:57:9":3,"s:57:20:57:61":6,"f:60:14:60:15":4,"s:61:4:67:Infinity":7,"f:61:8:61:9":5,"s:62:19:62:Infinity":8,"f:62:36:62:37":6,"s:62:43:62:54":9,"b:63:6:65:Infinity:undefined:undefined:undefined:undefined":0,"s:63:6:65:Infinity":10,"s:64:8:64:Infinity":11,"s:66:6:66:Infinity":12,"f:66:41:66:42":7,"s:66:48:66:59":13,"f:70:14:70:20":8,"s:71:22:71:Infinity":14,"s:72:4:72:Infinity":15,"f:72:18:72:19":9,"s:72:25:72:55":16,"s:73:4:73:Infinity":17,"f:76:19:76:20":10,"s:76:31:76:Infinity":18,"f:77:14:77:15":11,"s:77:27:77:Infinity":19,"f:78:12:78:13":12,"s:78:23:78:Infinity":20,"f:79:13:79:14":13,"s:79:25:79:Infinity":21,"f:80:26:80:27":14,"s:80:40:80:Infinity":22,"f:82:14:82:26":15,"s:83:81:83:Infinity":23,"s:84:25:84:Infinity":24,"f:84:38:84:39":16,"s:84:45:84:64":25,"b:86:4:86:Infinity:undefined:undefined:undefined:undefined":1,"s:86:4:86:Infinity":26,"s:86:35:86:Infinity":27,"s:88:4:88:Infinity":28,"s:90:39:96:Infinity":29,"s:98:4:126:Infinity":30,"s:98:17:98:20":31,"s:99:23:99:Infinity":32,"s:101:6:105:Infinity":33,"f:101:10:101:11":17,"s:101:22:105:8":34,"f:102:31:102:32":18,"s:103:10:103:Infinity":35,"b:103:33:103:66:103:66:103:Infinity":2,"s:107:6:125:Infinity":36,"s:108:23:108:Infinity":37,"s:110:8:115:Infinity":38,"f:110:12:110:13":19,"s:110:24:115:10":39,"f:111:33:111:34":20,"s:112:12:112:Infinity":40,"b:112:35:112:70:112:70:112:Infinity":3,"s:117:8:124:Infinity":41,"f:117:12:117:13":21,"s:117:24:124:10":42,"f:118:33:118:34":22,"s:119:12:121:Infinity":43,"b:120:16:120:Infinity:121:16:121:Infinity":4,"s:128:4:128:Infinity":44,"f:131:18:131:19":23,"s:132:17:132:Infinity":45,"f:132:34:132:35":24,"s:132:41:132:52":46,"b:133:4:135:Infinity:undefined:undefined:undefined:undefined":5,"s:133:4:135:Infinity":47,"s:134:6:134:Infinity":48,"f:138:15:138:27":25,"s:139:22:139:Infinity":49,"s:140:22:140:Infinity":50,"f:140:35:140:36":26,"s:140:42:140:73":51,"b:140:42:140:65:140:65:140:73":6,"b:142:4:142:Infinity:undefined:undefined:undefined:undefined":7,"s:142:4:142:Infinity":52,"s:142:32:142:Infinity":53,"b:144:4:148:Infinity:146:11:148:Infinity":8,"s:144:4:148:Infinity":54,"b:144:8:144:34:144:34:144:55":9,"s:145:6:145:Infinity":55,"s:147:6:147:Infinity":56,"f:147:40:147:41":27,"s:147:47:147:56":57}}}
}
